<?xml version="1.0" encoding="UTF-8"?>
<beans xmlns="http://www.springframework.org/schema/beans"
       xmlns:xsi="http://www.w3.org/2001/XMLSchema-instance"
       xmlns:p="http://www.springframework.org/schema/p"
       xmlns:jdbc="http://www.springframework.org/schema/jdbc"
       xmlns:context="http://www.springframework.org/schema/context"
       xmlns:jpa="http://www.springframework.org/schema/data/jpa"
       xmlns:tx="http://www.springframework.org/schema/tx"
       xsi:schemaLocation="http://www.springframework.org/schema/beans http://www.springframework.org/schema/beans/spring-beans.xsd

                           http://www.springframework.org/schema/context http://www.springframework.org/schema/context/spring-context.xsd
                           http://www.springframework.org/schema/tx http://www.springframework.org/schema/tx/spring-tx.xsd
                           http://www.springframework.org/schema/jdbc http://www.springframework.org/schema/jdbc/spring-jdbc-3.2.xsd
                           http://www.springframework.org/schema/data/jpa http://www.springframework.org/schema/data/jpa/spring-jpa.xsd">

    <!--
        API schema configuration
    -->

    <!-- Processes common spring annotations -->
    <context:annotation-config/>

    <!-- Scans for @Transactional to define transaction boundaries -->
    <tx:annotation-driven transaction-manager="transactionManager"/>

    <!-- Scan to pick up the Spring DAOs -->
    <context:component-scan base-package="com.poc.dal.api.model.**"/>
    <context:component-scan base-package="com.poc.dal.api.**"/>

    <!-- Translates Hibernate exceptions to Spring exceptions for @Repository (DAO) classes -->
    <bean class="org.springframework.dao.annotation.PersistenceExceptionTranslationPostProcessor"/>

    <!-- JPA configuration -->
    <bean id="jpaVendorAdapter" class="org.springframework.orm.jpa.vendor.HibernateJpaVendorAdapter"
          p:database="H2"
          p:showSql="false"
          p:generateDdl="false"
          p:databasePlatform="org.hibernate.dialect.HSQLDialect"/>

    <bean id="jpaDialect" class="org.hibernate.dialect.HSQLDialect"/>

    <!-- EntityManager factory -->
    <bean id="entityManagerFactory" class="org.springframework.orm.jpa.LocalContainerEntityManagerFactoryBean"
          p:dataSource-ref="dataSource"
          p:jpaVendorAdapter-ref="jpaVendorAdapter"

          p:persistenceUnitName="gal"/>

    <!-- TransactionMangaer -->
    <bean id="transactionManager" class="org.springframework.orm.jpa.JpaTransactionManager"
          p:entityManagerFactory-ref="entityManagerFactory"/>

    <jpa:repositories base-package="com.poc.dal.api.**"
                      entity-manager-factory-ref="entityManagerFactory"
                      transaction-manager-ref="transactionManager"

            />

    <jdbc:embedded-database id="dataSource">
        <jdbc:script location="classpath:dbunit/create-schema.sql"/>
        <jdbc:script location="classpath:dbunit/product-data.sql"/>
    </jdbc:embedded-database>

</beans>